{"C:\\Users\\AMANI\\Documents\\GitHub\\Testing-practice\\stringLength.js": {"path":"C:\\Users\\AMANI\\Documents\\GitHub\\Testing-practice\\stringLength.js","statementMap":{"0":{"start":{"line":1,"column":15},"end":{"line":3,"column":3}},"1":{"start":{"line":2,"column":4},"end":{"line":2,"column":23}},"2":{"start":{"line":4,"column":1},"end":{"line":4,"column":25}}},"fnMap":{"0":{"name":"(anonymous_0)","decl":{"start":{"line":1,"column":15},"end":{"line":1,"column":16}},"loc":{"start":{"line":1,"column":24},"end":{"line":3,"column":3}},"line":1}},"branchMap":{},"s":{"0":1,"1":1,"2":1},"f":{"0":1},"b":{},"_coverageSchema":"1a1c01bbd47fc00a2c39e90264f33305004495a9","hash":"b261e2655318e2ac8dfcf84857c8eeceb2aa220c"}
}
